<?xml version="1.0" encoding="UTF-8"?>
<testsuite name="com.jojoldu.book.springboot.web.IndexControllerTest" tests="1" skipped="0" failures="0" errors="0" timestamp="2020-03-14T10:01:01" hostname="DESKTOP-F9OSAPC" time="0.328">
  <properties/>
  <testcase name="메인페이지_로딩" classname="com.jojoldu.book.springboot.web.IndexControllerTest" time="0.328"/>
  <system-out><![CDATA[2020-03-14 19:00:57.629  INFO 23152 --- [    Test worker] .b.t.c.SpringBootTestContextBootstrapper : Neither @ContextConfiguration nor @ContextHierarchy found for test class [com.jojoldu.book.springboot.web.IndexControllerTest], using SpringBootContextLoader
2020-03-14 19:00:57.630  INFO 23152 --- [    Test worker] o.s.t.c.support.AbstractContextLoader    : Could not detect default resource locations for test class [com.jojoldu.book.springboot.web.IndexControllerTest]: no resource found for suffixes {-context.xml, Context.groovy}.
2020-03-14 19:00:57.631  INFO 23152 --- [    Test worker] t.c.s.AnnotationConfigContextLoaderUtils : Could not detect default configuration classes for test class [com.jojoldu.book.springboot.web.IndexControllerTest]: IndexControllerTest does not declare any static, non-private, non-final, nested classes annotated with @Configuration.
2020-03-14 19:00:57.647  INFO 23152 --- [    Test worker] .b.t.c.SpringBootTestContextBootstrapper : Found @SpringBootConfiguration com.jojoldu.book.springboot.Application for test class com.jojoldu.book.springboot.web.IndexControllerTest
2020-03-14 19:00:57.649  INFO 23152 --- [    Test worker] .b.t.c.SpringBootTestContextBootstrapper : Loaded default TestExecutionListener class names from location [META-INF/spring.factories]: [org.springframework.security.test.context.support.WithSecurityContextTestExecutionListener, org.springframework.security.test.context.support.ReactorContextTestExecutionListener, org.springframework.boot.test.autoconfigure.restdocs.RestDocsTestExecutionListener, org.springframework.boot.test.autoconfigure.web.client.MockRestServiceServerResetTestExecutionListener, org.springframework.boot.test.autoconfigure.web.servlet.MockMvcPrintOnlyOnFailureTestExecutionListener, org.springframework.boot.test.autoconfigure.web.servlet.WebDriverTestExecutionListener, org.springframework.boot.test.mock.mockito.MockitoTestExecutionListener, org.springframework.boot.test.mock.mockito.ResetMocksTestExecutionListener, org.springframework.test.context.web.ServletTestExecutionListener, org.springframework.test.context.support.DirtiesContextBeforeModesTestExecutionListener, org.springframework.test.context.support.DependencyInjectionTestExecutionListener, org.springframework.test.context.support.DirtiesContextTestExecutionListener, org.springframework.test.context.transaction.TransactionalTestExecutionListener, org.springframework.test.context.jdbc.SqlScriptsTestExecutionListener]
2020-03-14 19:00:57.651  INFO 23152 --- [    Test worker] .b.t.c.SpringBootTestContextBootstrapper : Using TestExecutionListeners: [org.springframework.test.context.web.ServletTestExecutionListener@463196a3, org.springframework.test.context.support.DirtiesContextBeforeModesTestExecutionListener@114f50f8, org.springframework.boot.test.mock.mockito.MockitoTestExecutionListener@33d3bfb3, org.springframework.boot.test.autoconfigure.SpringBootDependencyInjectionTestExecutionListener@f2f5d86, org.springframework.test.context.support.DirtiesContextTestExecutionListener@4561564e, org.springframework.test.context.transaction.TransactionalTestExecutionListener@2e42168a, org.springframework.test.context.jdbc.SqlScriptsTestExecutionListener@c21ad6, org.springframework.security.test.context.support.WithSecurityContextTestExecutionListener@7574a425, org.springframework.security.test.context.support.ReactorContextTestExecutionListener@3a684fe3, org.springframework.boot.test.autoconfigure.restdocs.RestDocsTestExecutionListener@4a0f862, org.springframework.boot.test.autoconfigure.web.client.MockRestServiceServerResetTestExecutionListener@1424468a, org.springframework.boot.test.autoconfigure.web.servlet.MockMvcPrintOnlyOnFailureTestExecutionListener@44218da7, org.springframework.boot.test.autoconfigure.web.servlet.WebDriverTestExecutionListener@3c4ed597, org.springframework.boot.test.mock.mockito.ResetMocksTestExecutionListener@3f2e4994]

  .   ____          _            __ _ _
 /\\ / ___'_ __ _ _(_)_ __  __ _ \ \ \ \
( ( )\___ | '_ | '_| | '_ \/ _` | \ \ \ \
 \\/  ___)| |_)| | | | | || (_| |  ) ) ) )
  '  |____| .__|_| |_|_| |_\__, | / / / /
 =========|_|==============|___/=/_/_/_/
 :: Spring Boot ::        (v2.1.9.RELEASE)

2020-03-14 19:00:57.709  INFO 23152 --- [    Test worker] c.j.b.s.web.IndexControllerTest          : Starting IndexControllerTest on DESKTOP-F9OSAPC with PID 23152 (started by 윤재훈 in C:\workspace\gradle\com.jojoldu.book)
2020-03-14 19:00:57.709  INFO 23152 --- [    Test worker] c.j.b.s.web.IndexControllerTest          : No active profile set, falling back to default profiles: default
2020-03-14 19:00:58.032  INFO 23152 --- [    Test worker] .s.d.r.c.RepositoryConfigurationDelegate : Bootstrapping Spring Data repositories in DEFAULT mode.
2020-03-14 19:00:58.068  INFO 23152 --- [    Test worker] .s.d.r.c.RepositoryConfigurationDelegate : Finished Spring Data repository scanning in 35ms. Found 1 repository interfaces.
2020-03-14 19:00:58.181  INFO 23152 --- [    Test worker] trationDelegate$BeanPostProcessorChecker : Bean 'org.springframework.transaction.annotation.ProxyTransactionManagementConfiguration' of type [org.springframework.transaction.annotation.ProxyTransactionManagementConfiguration$$EnhancerBySpringCGLIB$$eb578e12] is not eligible for getting processed by all BeanPostProcessors (for example: not eligible for auto-proxying)
2020-03-14 19:00:58.710  INFO 23152 --- [    Test worker] o.s.b.w.embedded.tomcat.TomcatWebServer  : Tomcat initialized with port(s): 0 (http)
2020-03-14 19:00:58.771  INFO 23152 --- [    Test worker] o.apache.catalina.core.StandardService   : Starting service [Tomcat]
2020-03-14 19:00:58.771  INFO 23152 --- [    Test worker] org.apache.catalina.core.StandardEngine  : Starting Servlet engine: [Apache Tomcat/9.0.26]
2020-03-14 19:00:59.176  INFO 23152 --- [    Test worker] o.a.c.c.C.[Tomcat].[localhost].[/]       : Initializing Spring embedded WebApplicationContext
2020-03-14 19:00:59.177  INFO 23152 --- [    Test worker] o.s.web.context.ContextLoader            : Root WebApplicationContext: initialization completed in 1465 ms
2020-03-14 19:00:59.620  INFO 23152 --- [    Test worker] com.zaxxer.hikari.HikariDataSource       : HikariPool-2 - Starting...
2020-03-14 19:00:59.622  INFO 23152 --- [    Test worker] com.zaxxer.hikari.HikariDataSource       : HikariPool-2 - Start completed.
2020-03-14 19:00:59.675  INFO 23152 --- [    Test worker] o.hibernate.jpa.internal.util.LogHelper  : HHH000204: Processing PersistenceUnitInfo [
	name: default
	...]
2020-03-14 19:00:59.694  INFO 23152 --- [    Test worker] org.hibernate.dialect.Dialect            : HHH000400: Using dialect: org.hibernate.dialect.H2Dialect
Hibernate: drop table posts if exists
Hibernate: create table posts (id bigint generated by default as identity, created_date timestamp, modified_date timestamp, author varchar(255), content TEXT not null, title varchar(500) not null, primary key (id))
2020-03-14 19:00:59.759  INFO 23152 --- [    Test worker] o.h.t.schema.internal.SchemaCreatorImpl  : HHH000476: Executing import script 'org.hibernate.tool.schema.internal.exec.ScriptSourceInputNonExistentImpl@b51477a'
2020-03-14 19:00:59.760  INFO 23152 --- [    Test worker] j.LocalContainerEntityManagerFactoryBean : Initialized JPA EntityManagerFactory for persistence unit 'default'
2020-03-14 19:00:59.859  INFO 23152 --- [    Test worker] o.h.h.i.QueryTranslatorFactoryInitiator  : HHH000397: Using ASTQueryTranslatorFactory
2020-03-14 19:01:00.438  INFO 23152 --- [    Test worker] o.s.s.concurrent.ThreadPoolTaskExecutor  : Initializing ExecutorService 'applicationTaskExecutor'
2020-03-14 19:01:00.466  WARN 23152 --- [    Test worker] aWebConfiguration$JpaWebMvcConfiguration : spring.jpa.open-in-view is enabled by default. Therefore, database queries may be performed during view rendering. Explicitly configure spring.jpa.open-in-view to disable this warning
2020-03-14 19:01:00.534  INFO 23152 --- [    Test worker] o.s.b.a.w.s.WelcomePageHandlerMapping    : Adding welcome page template: index
2020-03-14 19:01:01.079  INFO 23152 --- [    Test worker] o.s.b.w.embedded.tomcat.TomcatWebServer  : Tomcat started on port(s): 9460 (http) with context path ''
2020-03-14 19:01:01.080  INFO 23152 --- [    Test worker] c.j.b.s.web.IndexControllerTest          : Started IndexControllerTest in 3.426 seconds (JVM running for 15.546)
2020-03-14 19:01:01.237  INFO 23152 --- [o-auto-1-exec-1] o.a.c.c.C.[Tomcat].[localhost].[/]       : Initializing Spring DispatcherServlet 'dispatcherServlet'
2020-03-14 19:01:01.237  INFO 23152 --- [o-auto-1-exec-1] o.s.web.servlet.DispatcherServlet        : Initializing Servlet 'dispatcherServlet'
2020-03-14 19:01:01.281  INFO 23152 --- [o-auto-1-exec-1] o.s.web.servlet.DispatcherServlet        : Completed initialization in 44 ms
Hibernate: select posts0_.id as id1_0_, posts0_.created_date as created_2_0_, posts0_.modified_date as modified3_0_, posts0_.author as author4_0_, posts0_.content as content5_0_, posts0_.title as title6_0_ from posts posts0_ order by posts0_.id DESC
]]></system-out>
  <system-err><![CDATA[]]></system-err>
</testsuite>
